<?xml version="1.0" encoding="UTF-8"?>
<!-- Generated by org.testng.reporters.JUnitXMLReporter -->
<testsuite ignored="0" hostname="MYPC" failures="1" tests="5" name="Test" time="0.114" errors="0" timestamp="2021-03-06T01:12:12 IST">
  <testcase classname="com.Project.org.MavenProject.Samole" name="tes" time="0.018">
    <skipped/>
  </testcase> <!-- tes -->
  <testcase classname="com.Project.org.MavenProject.Samole" name="tes" time="0.002">
    <skipped/>
  </testcase> <!-- tes -->
  <testcase classname="com.Project.org.MavenProject.Samole" name="tes" time="0.002">
    <skipped/>
  </testcase> <!-- tes -->
  <testcase classname="com.Project.org.MavenProject.Samole" name="tes" time="0.002">
    <skipped/>
  </testcase> <!-- tes -->
  <testcase classname="com.Project.org.MavenProject.Samole" name="tes" time="0.002">
    <failure type="java.lang.AssertionError" message="expected [jkndjijffjnull] but found [aankjngj]">
      <![CDATA[java.lang.AssertionError: expected [jkndjijffjnull] but found [aankjngj]
at com.Project.org.MavenProject.Samole.tes(Samole.java:9)
at java.base/java.util.ArrayList.forEach(ArrayList.java:1511)
... Removed 33 stack frames]]>
    </failure>
  </testcase> <!-- tes -->
</testsuite> <!-- Test -->
